  renderer.cpp
C:\Users\pansu\OneDrive\Documentos\3ºtrimestre_3\Real\GTR_Framework\src\extra\cJSON.h(104,1): warning C4099: 'cJSON': nombre de tipo visto anteriormente usando 'class' ahora se ve usando 'struct'
C:\Users\pansu\OneDrive\Documentos\3ºtrimestre_3\Real\GTR_Framework\src\extra\cJSON.h(103): message : vea la declaración de 'cJSON'
C:\Users\pansu\OneDrive\Documentos\3ºtrimestre_3\Real\GTR_Framework\src\renderer.cpp(44,52): warning C4244: 'argumento': conversión de 'double' a 'unsigned int'; posible pérdida de datos
C:\Users\pansu\OneDrive\Documentos\3ºtrimestre_3\Real\GTR_Framework\src\renderer.cpp(44,38): warning C4244: 'argumento': conversión de 'double' a 'unsigned int'; posible pérdida de datos
C:\Users\pansu\OneDrive\Documentos\3ºtrimestre_3\Real\GTR_Framework\src\renderer.cpp(103,12): warning C4018: '<': no coinciden signed/unsigned
C:\Users\pansu\OneDrive\Documentos\3ºtrimestre_3\Real\GTR_Framework\src\renderer.cpp(108,12): warning C4018: '<': no coinciden signed/unsigned
C:\Users\pansu\OneDrive\Documentos\3ºtrimestre_3\Real\GTR_Framework\src\renderer.cpp(145,20): warning C4018: '<': no coinciden signed/unsigned
C:\Users\pansu\OneDrive\Documentos\3ºtrimestre_3\Real\GTR_Framework\src\renderer.cpp(199,20): warning C4018: '<': no coinciden signed/unsigned
C:\Users\pansu\OneDrive\Documentos\3ºtrimestre_3\Real\GTR_Framework\src\renderer.cpp(255,20): warning C4018: '<': no coinciden signed/unsigned
C:\Users\pansu\OneDrive\Documentos\3ºtrimestre_3\Real\GTR_Framework\src\renderer.cpp(276,39): warning C4244: 'argumento': conversión de 'double' a 'GLsizei'; posible pérdida de datos
C:\Users\pansu\OneDrive\Documentos\3ºtrimestre_3\Real\GTR_Framework\src\renderer.cpp(276,25): warning C4244: 'argumento': conversión de 'double' a 'GLsizei'; posible pérdida de datos
C:\Users\pansu\OneDrive\Documentos\3ºtrimestre_3\Real\GTR_Framework\src\renderer.cpp(280,49): warning C4244: 'argumento': conversión de 'double' a 'GLsizei'; posible pérdida de datos
C:\Users\pansu\OneDrive\Documentos\3ºtrimestre_3\Real\GTR_Framework\src\renderer.cpp(280,35): warning C4244: 'argumento': conversión de 'double' a 'GLsizei'; posible pérdida de datos
C:\Users\pansu\OneDrive\Documentos\3ºtrimestre_3\Real\GTR_Framework\src\renderer.cpp(280,19): warning C4244: 'argumento': conversión de 'double' a 'GLint'; posible pérdida de datos
C:\Users\pansu\OneDrive\Documentos\3ºtrimestre_3\Real\GTR_Framework\src\renderer.cpp(284,60): warning C4244: 'argumento': conversión de 'double' a 'GLsizei'; posible pérdida de datos
C:\Users\pansu\OneDrive\Documentos\3ºtrimestre_3\Real\GTR_Framework\src\renderer.cpp(284,46): warning C4244: 'argumento': conversión de 'double' a 'GLsizei'; posible pérdida de datos
C:\Users\pansu\OneDrive\Documentos\3ºtrimestre_3\Real\GTR_Framework\src\renderer.cpp(284,33): warning C4244: 'argumento': conversión de 'double' a 'GLint'; posible pérdida de datos
C:\Users\pansu\OneDrive\Documentos\3ºtrimestre_3\Real\GTR_Framework\src\renderer.cpp(284,19): warning C4244: 'argumento': conversión de 'double' a 'GLint'; posible pérdida de datos
C:\Users\pansu\OneDrive\Documentos\3ºtrimestre_3\Real\GTR_Framework\src\renderer.cpp(288,50): warning C4244: 'argumento': conversión de 'double' a 'GLsizei'; posible pérdida de datos
C:\Users\pansu\OneDrive\Documentos\3ºtrimestre_3\Real\GTR_Framework\src\renderer.cpp(288,36): warning C4244: 'argumento': conversión de 'double' a 'GLsizei'; posible pérdida de datos
C:\Users\pansu\OneDrive\Documentos\3ºtrimestre_3\Real\GTR_Framework\src\renderer.cpp(288,23): warning C4244: 'argumento': conversión de 'double' a 'GLint'; posible pérdida de datos
C:\Users\pansu\OneDrive\Documentos\3ºtrimestre_3\Real\GTR_Framework\src\renderer.cpp(362,49): warning C4244: 'argumento': conversión de 'double' a 'float'; posible pérdida de datos
C:\Users\pansu\OneDrive\Documentos\3ºtrimestre_3\Real\GTR_Framework\src\renderer.cpp(362,29): warning C4244: 'argumento': conversión de 'double' a 'float'; posible pérdida de datos
C:\Users\pansu\OneDrive\Documentos\3ºtrimestre_3\Real\GTR_Framework\src\renderer.cpp(369,20): warning C4018: '<': no coinciden signed/unsigned
C:\Users\pansu\OneDrive\Documentos\3ºtrimestre_3\Real\GTR_Framework\src\renderer.cpp(416,20): warning C4018: '<': no coinciden signed/unsigned
C:\Users\pansu\OneDrive\Documentos\3ºtrimestre_3\Real\GTR_Framework\src\renderer.cpp(457,40): warning C4305: 'argumento': truncamiento de 'double' a 'float'
C:\Users\pansu\OneDrive\Documentos\3ºtrimestre_3\Real\GTR_Framework\src\renderer.cpp(578,20): warning C4018: '<': no coinciden signed/unsigned
C:\Users\pansu\OneDrive\Documentos\3ºtrimestre_3\Real\GTR_Framework\src\renderer.cpp(742,21): warning C4018: '<': no coinciden signed/unsigned
C:\Users\pansu\OneDrive\Documentos\3ºtrimestre_3\Real\GTR_Framework\src\renderer.cpp(790,21): warning C4018: '<': no coinciden signed/unsigned
C:\Users\pansu\OneDrive\Documentos\3ºtrimestre_3\Real\GTR_Framework\src\renderer.cpp(807,55): warning C4244: 'argumento': conversión de 'double' a 'float'; posible pérdida de datos
C:\Users\pansu\OneDrive\Documentos\3ºtrimestre_3\Real\GTR_Framework\src\renderer.cpp(925,15): warning C4244: 'inicializando': conversión de 'double' a 'float'; posible pérdida de datos
C:\Users\pansu\OneDrive\Documentos\3ºtrimestre_3\Real\GTR_Framework\src\renderer.cpp(926,13): warning C4244: 'inicializando': conversión de 'double' a 'float'; posible pérdida de datos
C:\Users\pansu\OneDrive\Documentos\3ºtrimestre_3\Real\GTR_Framework\src\renderer.cpp(987,72): warning C4244: 'argumento': conversión de 'double' a 'float'; posible pérdida de datos
C:\Users\pansu\OneDrive\Documentos\3ºtrimestre_3\Real\GTR_Framework\src\renderer.cpp(987,43): warning C4244: 'argumento': conversión de 'double' a 'float'; posible pérdida de datos
camera.obj : warning LNK4075: se omite '/EDITANDCONTINUE' debido a la especificación '/INCREMENTAL:NO'
     Creando biblioteca ..\..\framework_debug.lib y objeto ..\..\framework_debug.exp
LINK : warning LNK4098: la biblioteca predeterminada'LIBCMT' entra en conflicto con otras bibliotecas; use la biblioteca /NODEFAULTLIB:biblioteca
LINK : warning LNK4217: "___glewActiveTexture" importa el símbolo "glew32s.lib(glew.obj)" definido en "imgui_impl_opengl3.obj" en la función ""void __cdecl ImGui_ImplOpenGL3_RenderDrawData(struct ImDrawData *)" (?ImGui_ImplOpenGL3_RenderDrawData@@YAXPAUImDrawData@@@Z)"
LINK : warning LNK4217: "___glewBlendEquation" importa el símbolo "glew32s.lib(glew.obj)" definido en "imgui_impl_opengl3.obj" en la función ""void __cdecl ImGui_ImplOpenGL3_SetupRenderState(struct ImDrawData *,int,int,unsigned int)" (?ImGui_ImplOpenGL3_SetupRenderState@@YAXPAUImDrawData@@HHI@Z)"
LINK : warning LNK4217: "___glewBlendFuncSeparate" importa el símbolo "glew32s.lib(glew.obj)" definido en "imgui_impl_opengl3.obj" en la función ""void __cdecl ImGui_ImplOpenGL3_RenderDrawData(struct ImDrawData *)" (?ImGui_ImplOpenGL3_RenderDrawData@@YAXPAUImDrawData@@@Z)"
LINK : warning LNK4217: "___glewBindBuffer" importa el símbolo "glew32s.lib(glew.obj)" definido en "imgui_impl_opengl3.obj" en la función ""bool __cdecl ImGui_ImplOpenGL3_CreateDeviceObjects(void)" (?ImGui_ImplOpenGL3_CreateDeviceObjects@@YA_NXZ)"
LINK : warning LNK4217: "___glewBufferData" importa el símbolo "glew32s.lib(glew.obj)" definido en "imgui_impl_opengl3.obj" en la función ""void __cdecl ImGui_ImplOpenGL3_RenderDrawData(struct ImDrawData *)" (?ImGui_ImplOpenGL3_RenderDrawData@@YAXPAUImDrawData@@@Z)"
LINK : warning LNK4217: "___glewDeleteBuffers" importa el símbolo "glew32s.lib(glew.obj)" definido en "imgui_impl_opengl3.obj" en la función ""void __cdecl ImGui_ImplOpenGL3_DestroyDeviceObjects(void)" (?ImGui_ImplOpenGL3_DestroyDeviceObjects@@YAXXZ)"
LINK : warning LNK4217: "___glewGenBuffers" importa el símbolo "glew32s.lib(glew.obj)" definido en "imgui_impl_opengl3.obj" en la función ""bool __cdecl ImGui_ImplOpenGL3_CreateDeviceObjects(void)" (?ImGui_ImplOpenGL3_CreateDeviceObjects@@YA_NXZ)"
LINK : warning LNK4217: "___glewAttachShader" importa el símbolo "glew32s.lib(glew.obj)" definido en "imgui_impl_opengl3.obj" en la función ""bool __cdecl ImGui_ImplOpenGL3_CreateDeviceObjects(void)" (?ImGui_ImplOpenGL3_CreateDeviceObjects@@YA_NXZ)"
LINK : warning LNK4217: "___glewBlendEquationSeparate" importa el símbolo "glew32s.lib(glew.obj)" definido en "imgui_impl_opengl3.obj" en la función ""void __cdecl ImGui_ImplOpenGL3_RenderDrawData(struct ImDrawData *)" (?ImGui_ImplOpenGL3_RenderDrawData@@YAXPAUImDrawData@@@Z)"
LINK : warning LNK4217: "___glewCompileShader" importa el símbolo "glew32s.lib(glew.obj)" definido en "imgui_impl_opengl3.obj" en la función ""bool __cdecl ImGui_ImplOpenGL3_CreateDeviceObjects(void)" (?ImGui_ImplOpenGL3_CreateDeviceObjects@@YA_NXZ)"
LINK : warning LNK4217: "___glewCreateProgram" importa el símbolo "glew32s.lib(glew.obj)" definido en "imgui_impl_opengl3.obj" en la función ""bool __cdecl ImGui_ImplOpenGL3_CreateDeviceObjects(void)" (?ImGui_ImplOpenGL3_CreateDeviceObjects@@YA_NXZ)"
LINK : warning LNK4217: "___glewCreateShader" importa el símbolo "glew32s.lib(glew.obj)" definido en "imgui_impl_opengl3.obj" en la función ""bool __cdecl ImGui_ImplOpenGL3_CreateDeviceObjects(void)" (?ImGui_ImplOpenGL3_CreateDeviceObjects@@YA_NXZ)"
LINK : warning LNK4217: "___glewDeleteProgram" importa el símbolo "glew32s.lib(glew.obj)" definido en "imgui_impl_opengl3.obj" en la función ""void __cdecl ImGui_ImplOpenGL3_DestroyDeviceObjects(void)" (?ImGui_ImplOpenGL3_DestroyDeviceObjects@@YAXXZ)"
LINK : warning LNK4217: "___glewDeleteShader" importa el símbolo "glew32s.lib(glew.obj)" definido en "imgui_impl_opengl3.obj" en la función ""void __cdecl ImGui_ImplOpenGL3_DestroyDeviceObjects(void)" (?ImGui_ImplOpenGL3_DestroyDeviceObjects@@YAXXZ)"
LINK : warning LNK4217: "___glewDetachShader" importa el símbolo "glew32s.lib(glew.obj)" definido en "imgui_impl_opengl3.obj" en la función ""void __cdecl ImGui_ImplOpenGL3_DestroyDeviceObjects(void)" (?ImGui_ImplOpenGL3_DestroyDeviceObjects@@YAXXZ)"
LINK : warning LNK4217: "___glewEnableVertexAttribArray" importa el símbolo "glew32s.lib(glew.obj)" definido en "imgui_impl_opengl3.obj" en la función ""void __cdecl ImGui_ImplOpenGL3_SetupRenderState(struct ImDrawData *,int,int,unsigned int)" (?ImGui_ImplOpenGL3_SetupRenderState@@YAXPAUImDrawData@@HHI@Z)"
LINK : warning LNK4217: "___glewGetAttribLocation" importa el símbolo "glew32s.lib(glew.obj)" definido en "imgui_impl_opengl3.obj" en la función ""bool __cdecl ImGui_ImplOpenGL3_CreateDeviceObjects(void)" (?ImGui_ImplOpenGL3_CreateDeviceObjects@@YA_NXZ)"
LINK : warning LNK4217: "___glewGetProgramInfoLog" importa el símbolo "glew32s.lib(glew.obj)" definido en "imgui_impl_opengl3.obj" en la función ""bool __cdecl CheckProgram(unsigned int,char const *)" (?CheckProgram@@YA_NIPBD@Z)"
LINK : warning LNK4217: "___glewGetProgramiv" importa el símbolo "glew32s.lib(glew.obj)" definido en "imgui_impl_opengl3.obj" en la función ""bool __cdecl CheckProgram(unsigned int,char const *)" (?CheckProgram@@YA_NIPBD@Z)"
LINK : warning LNK4217: "___glewGetShaderInfoLog" importa el símbolo "glew32s.lib(glew.obj)" definido en "imgui_impl_opengl3.obj" en la función ""bool __cdecl CheckShader(unsigned int,char const *)" (?CheckShader@@YA_NIPBD@Z)"
LINK : warning LNK4217: "___glewGetShaderiv" importa el símbolo "glew32s.lib(glew.obj)" definido en "imgui_impl_opengl3.obj" en la función ""bool __cdecl CheckShader(unsigned int,char const *)" (?CheckShader@@YA_NIPBD@Z)"
LINK : warning LNK4217: "___glewGetUniformLocation" importa el símbolo "glew32s.lib(glew.obj)" definido en "imgui_impl_opengl3.obj" en la función ""bool __cdecl ImGui_ImplOpenGL3_CreateDeviceObjects(void)" (?ImGui_ImplOpenGL3_CreateDeviceObjects@@YA_NXZ)"
LINK : warning LNK4217: "___glewLinkProgram" importa el símbolo "glew32s.lib(glew.obj)" definido en "imgui_impl_opengl3.obj" en la función ""bool __cdecl ImGui_ImplOpenGL3_CreateDeviceObjects(void)" (?ImGui_ImplOpenGL3_CreateDeviceObjects@@YA_NXZ)"
LINK : warning LNK4217: "___glewShaderSource" importa el símbolo "glew32s.lib(glew.obj)" definido en "imgui_impl_opengl3.obj" en la función ""bool __cdecl ImGui_ImplOpenGL3_CreateDeviceObjects(void)" (?ImGui_ImplOpenGL3_CreateDeviceObjects@@YA_NXZ)"
LINK : warning LNK4217: "___glewUniform1i" importa el símbolo "glew32s.lib(glew.obj)" definido en "imgui_impl_opengl3.obj" en la función ""void __cdecl ImGui_ImplOpenGL3_SetupRenderState(struct ImDrawData *,int,int,unsigned int)" (?ImGui_ImplOpenGL3_SetupRenderState@@YAXPAUImDrawData@@HHI@Z)"
LINK : warning LNK4217: "___glewUniformMatrix4fv" importa el símbolo "glew32s.lib(glew.obj)" definido en "imgui_impl_opengl3.obj" en la función ""void __cdecl ImGui_ImplOpenGL3_SetupRenderState(struct ImDrawData *,int,int,unsigned int)" (?ImGui_ImplOpenGL3_SetupRenderState@@YAXPAUImDrawData@@HHI@Z)"
LINK : warning LNK4217: "___glewUseProgram" importa el símbolo "glew32s.lib(glew.obj)" definido en "imgui_impl_opengl3.obj" en la función ""void __cdecl ImGui_ImplOpenGL3_RenderDrawData(struct ImDrawData *)" (?ImGui_ImplOpenGL3_RenderDrawData@@YAXPAUImDrawData@@@Z)"
LINK : warning LNK4217: "___glewVertexAttribPointer" importa el símbolo "glew32s.lib(glew.obj)" definido en "imgui_impl_opengl3.obj" en la función ""void __cdecl ImGui_ImplOpenGL3_SetupRenderState(struct ImDrawData *,int,int,unsigned int)" (?ImGui_ImplOpenGL3_SetupRenderState@@YAXPAUImDrawData@@HHI@Z)"
LINK : warning LNK4217: "___glewDrawElementsBaseVertex" importa el símbolo "glew32s.lib(glew.obj)" definido en "imgui_impl_opengl3.obj" en la función ""void __cdecl ImGui_ImplOpenGL3_RenderDrawData(struct ImDrawData *)" (?ImGui_ImplOpenGL3_RenderDrawData@@YAXPAUImDrawData@@@Z)"
LINK : warning LNK4217: "___glewBindSampler" importa el símbolo "glew32s.lib(glew.obj)" definido en "imgui_impl_opengl3.obj" en la función ""void __cdecl ImGui_ImplOpenGL3_RenderDrawData(struct ImDrawData *)" (?ImGui_ImplOpenGL3_RenderDrawData@@YAXPAUImDrawData@@@Z)"
LINK : warning LNK4217: "___glewBindVertexArray" importa el símbolo "glew32s.lib(glew.obj)" definido en "imgui_impl_opengl3.obj" en la función ""bool __cdecl ImGui_ImplOpenGL3_CreateDeviceObjects(void)" (?ImGui_ImplOpenGL3_CreateDeviceObjects@@YA_NXZ)"
LINK : warning LNK4217: "___glewDeleteVertexArrays" importa el símbolo "glew32s.lib(glew.obj)" definido en "imgui_impl_opengl3.obj" en la función ""void __cdecl ImGui_ImplOpenGL3_RenderDrawData(struct ImDrawData *)" (?ImGui_ImplOpenGL3_RenderDrawData@@YAXPAUImDrawData@@@Z)"
LINK : warning LNK4217: "___glewGenVertexArrays" importa el símbolo "glew32s.lib(glew.obj)" definido en "imgui_impl_opengl3.obj" en la función ""void __cdecl ImGui_ImplOpenGL3_RenderDrawData(struct ImDrawData *)" (?ImGui_ImplOpenGL3_RenderDrawData@@YAXPAUImDrawData@@@Z)"
glew32s.lib(glew.obj) : warning LNK4099: no se encontró PDB '' con 'glew32s.lib(glew.obj)' o en ''; se vinculará el objeto sin tener en cuenta información de depuración
  visualstudio.vcxproj -> C:\Users\pansu\OneDrive\Documentos\3ºtrimestre_3\Real\GTR_Framework\framework_debug.exe
