  renderer.cpp
D:\Usuario\Documents\UNI\3. TERCERO\3RD TERM\RTG\GTR_Framework\src\extra\cJSON.h(104,1): warning C4099: 'cJSON': nombre de tipo visto anteriormente usando 'class' ahora se ve usando 'struct'
D:\Usuario\Documents\UNI\3. TERCERO\3RD TERM\RTG\GTR_Framework\src\extra\cJSON.h(103,16): message : vea la declaración de 'cJSON'
D:\Usuario\Documents\UNI\3. TERCERO\3RD TERM\RTG\GTR_Framework\src\pipeline\renderer.cpp(65,20): warning C4018: '<': no coinciden signed/unsigned
D:\Usuario\Documents\UNI\3. TERCERO\3RD TERM\RTG\GTR_Framework\src\pipeline\renderer.cpp(208,10): warning C4244: 'inicializando': conversión de 'long' a 'float'; posible pérdida de datos
D:\Usuario\Documents\UNI\3. TERCERO\3RD TERM\RTG\GTR_Framework\src\pipeline\renderer.cpp(281,10): warning C4244: 'inicializando': conversión de 'long' a 'float'; posible pérdida de datos
D:\Usuario\Documents\UNI\3. TERCERO\3RD TERM\RTG\GTR_Framework\src\pipeline\renderer.cpp(297,111): warning C4244: 'argumento': conversión de 'SCN::eSpecMode' a 'T'; posible pérdida de datos
          with
          [
              T=float
          ]
D:\Usuario\Documents\UNI\3. TERCERO\3RD TERM\RTG\GTR_Framework\src\pipeline\renderer.cpp(327,82): warning C4244: 'argumento': conversión de 'double' a 'T'; posible pérdida de datos
          with
          [
              T=float
          ]
D:\Usuario\Documents\UNI\3. TERCERO\3RD TERM\RTG\GTR_Framework\src\pipeline\renderer.cpp(327,47): warning C4244: 'argumento': conversión de 'double' a 'T'; posible pérdida de datos
          with
          [
              T=float
          ]
D:\Usuario\Documents\UNI\3. TERCERO\3RD TERM\RTG\GTR_Framework\src\pipeline\renderer.cpp(331,110): warning C4244: 'argumento': conversión de 'SCN::eNormalMapMode' a 'T'; posible pérdida de datos
          with
          [
              T=float
          ]
D:\Usuario\Documents\UNI\3. TERCERO\3RD TERM\RTG\GTR_Framework\src\pipeline\renderer.cpp(331,53): warning C4244: 'argumento': conversión de 'int' a 'T'; posible pérdida de datos
          with
          [
              T=float
          ]
D:\Usuario\Documents\UNI\3. TERCERO\3RD TERM\RTG\GTR_Framework\src\pipeline\renderer.cpp(349,83): warning C4244: 'argumento': conversión de 'double' a 'T'; posible pérdida de datos
          with
          [
              T=float
          ]
D:\Usuario\Documents\UNI\3. TERCERO\3RD TERM\RTG\GTR_Framework\src\pipeline\renderer.cpp(349,48): warning C4244: 'argumento': conversión de 'double' a 'T'; posible pérdida de datos
          with
          [
              T=float
          ]
D:\Usuario\Documents\UNI\3. TERCERO\3RD TERM\RTG\GTR_Framework\src\pipeline\renderer.cpp(356,111): warning C4244: 'argumento': conversión de 'SCN::eNormalMapMode' a 'T'; posible pérdida de datos
          with
          [
              T=float
          ]
D:\Usuario\Documents\UNI\3. TERCERO\3RD TERM\RTG\GTR_Framework\src\pipeline\renderer.cpp(356,54): warning C4244: 'argumento': conversión de 'int' a 'T'; posible pérdida de datos
          with
          [
              T=float
          ]
D:\Usuario\Documents\UNI\3. TERCERO\3RD TERM\RTG\GTR_Framework\src\pipeline\renderer.cpp(362,75): warning C4244: 'argumento': conversión de 'SCN::eNormalMapMode' a 'T'; posible pérdida de datos
          with
          [
              T=float
          ]
D:\Usuario\Documents\UNI\3. TERCERO\3RD TERM\RTG\GTR_Framework\src\pipeline\renderer.cpp(432,20): warning C4018: '<': no coinciden signed/unsigned
D:\Usuario\Documents\UNI\3. TERCERO\3RD TERM\RTG\GTR_Framework\src\pipeline\renderer.cpp(464,22): warning C4018: '<': no coinciden signed/unsigned
D:\Usuario\Documents\UNI\3. TERCERO\3RD TERM\RTG\GTR_Framework\src\pipeline\renderer.cpp(532,10): warning C4244: 'inicializando': conversión de 'long' a 'float'; posible pérdida de datos
D:\Usuario\Documents\UNI\3. TERCERO\3RD TERM\RTG\GTR_Framework\src\pipeline\renderer.cpp(548,111): warning C4244: 'argumento': conversión de 'SCN::eSpecMode' a 'T'; posible pérdida de datos
          with
          [
              T=float
          ]
D:\Usuario\Documents\UNI\3. TERCERO\3RD TERM\RTG\GTR_Framework\src\pipeline\renderer.cpp(583,64): warning C4244: 'argumento': conversión de 'double' a 'T'; posible pérdida de datos
          with
          [
              T=float
          ]
D:\Usuario\Documents\UNI\3. TERCERO\3RD TERM\RTG\GTR_Framework\src\pipeline\renderer.cpp(583,29): warning C4244: 'argumento': conversión de 'double' a 'T'; posible pérdida de datos
          with
          [
              T=float
          ]
D:\Usuario\Documents\UNI\3. TERCERO\3RD TERM\RTG\GTR_Framework\src\pipeline\renderer.cpp(590,92): warning C4244: 'argumento': conversión de 'SCN::eNormalMapMode' a 'T'; posible pérdida de datos
          with
          [
              T=float
          ]
D:\Usuario\Documents\UNI\3. TERCERO\3RD TERM\RTG\GTR_Framework\src\pipeline\renderer.cpp(590,35): warning C4244: 'argumento': conversión de 'int' a 'T'; posible pérdida de datos
          with
          [
              T=float
          ]
D:\Usuario\Documents\UNI\3. TERCERO\3RD TERM\RTG\GTR_Framework\src\pipeline\renderer.cpp(609,56): warning C4244: 'argumento': conversión de 'SCN::eNormalMapMode' a 'T'; posible pérdida de datos
          with
          [
              T=float
          ]
     Creando biblioteca ..\..\GTR.lib y objeto ..\..\GTR.exp
LINK : warning LNK4098: la biblioteca predeterminada'LIBCMT' entra en conflicto con otras bibliotecas; use la biblioteca /NODEFAULTLIB:biblioteca
  Generando código
  1 of 5911 functions (<0.1%) were compiled, the rest were copied from previous compilation.
    0 functions were new in current compilation
    64 functions had inline decision re-evaluated but remain unchanged
  Generación de código finalizada
glew32s.lib(glew.obj) : warning LNK4099: no se encontró PDB '' con 'glew32s.lib(glew.obj)' o en ''; se vinculará el objeto sin tener en cuenta información de depuración
  visualstudio.vcxproj -> D:\Usuario\Documents\UNI\3. TERCERO\3RD TERM\RTG\GTR_Framework\GTR.exe
